<?xml version="1.0" encoding="UTF-8"?>
<!-- Generated by org.testng.reporters.JUnitXMLReporter -->
<testsuite hostname="DESKTOP-RTOOT5Q" ignored="6" name="Modify Stock-Sell Existing Stock" tests="5" failures="1" timestamp="2021-02-22T08:19:51 IST" time="44.005" errors="0">
  <testcase name="selectPortFolio" time="20.145" classname="testcases.rediff.PortfolioManagement">
    <failure type="org.openqa.selenium.NoSuchElementException" message="Cannot locate option with text: Cat
For documentation on this error, please visit: https://selenium.dev/exceptions/#no_such_element
Build info: version: &amp;apos;4.0.0-alpha-7&amp;apos;, revision: &amp;apos;de8579b6d5&amp;apos;
System info: host: &amp;apos;DESKTOP-RTOOT5Q&amp;apos;, ip: &amp;apos;192.168.1.7&amp;apos;, os.name: &amp;apos;Windows 8.1&amp;apos;, os.arch: &amp;apos;amd64&amp;apos;, os.version: &amp;apos;6.3&amp;apos;, java.version: &amp;apos;1.8.0_05&amp;apos;
Driver info: driver.version: unknown">
      <![CDATA[org.openqa.selenium.NoSuchElementException: Cannot locate option with text: Cat
For documentation on this error, please visit: https://selenium.dev/exceptions/#no_such_element
Build info: version: '4.0.0-alpha-7', revision: 'de8579b6d5'
System info: host: 'DESKTOP-RTOOT5Q', ip: '192.168.1.7', os.name: 'Windows 8.1', os.arch: 'amd64', os.version: '6.3', java.version: '1.8.0_05'
Driver info: driver.version: unknown
at org.openqa.selenium.support.ui.Select.selectByVisibleText(Select.java:151)
at keywords.GenericKeywords.selectByVisibleText(GenericKeywords.java:112)
at testcases.rediff.PortfolioManagement.selectPortFolio(PortfolioManagement.java:40)
at java.util.ArrayList.forEach(ArrayList.java:1234)
at runner.TestNGRunner.run(TestNGRunner.java:86)
at runner.JSONRunner.main(JSONRunner.java:91)
... Removed 25 stack frames]]>
    </failure>
  </testcase> <!-- selectPortFolio -->
  <testcase name="verifyStockPresent" time="0.231" classname="testcases.rediff.StockManagement"/>
  <testcase name="modifyStock" time="5.898" classname="testcases.rediff.StockManagement"/>
  <testcase name="verifyStockQuantity" time="0.337" classname="testcases.rediff.StockManagement"/>
  <testcase name="verifyTransactionHistory" time="1.111" classname="testcases.rediff.StockManagement"/>
  <testcase name="@BeforeTest beforeTest" time="0.0" classname="testbase.BaseTest">
    <ignored/>
  </testcase> <!-- @BeforeTest beforeTest -->
  <testcase name="deletePortfolio" time="0.0" classname="testcases.rediff.PortfolioManagement">
    <ignored/>
  </testcase> <!-- deletePortfolio -->
  <testcase name="verifyStockAvgBuyPrice" time="0.0" classname="testcases.rediff.StockManagement">
    <ignored/>
  </testcase> <!-- verifyStockAvgBuyPrice -->
  <testcase name="@AfterTest quit" time="0.0" classname="testbase.BaseTest">
    <ignored/>
  </testcase> <!-- @AfterTest quit -->
  <testcase name="createPortfolio" time="0.0" classname="testcases.rediff.PortfolioManagement">
    <ignored/>
  </testcase> <!-- createPortfolio -->
  <testcase name="addNewStock" time="0.0" classname="testcases.rediff.StockManagement">
    <ignored/>
  </testcase> <!-- addNewStock -->
</testsuite> <!-- Modify Stock-Sell Existing Stock -->
