<!DOCTYPE html PUBLIC "-//W3C//DTD XHTML 1.1//EN" "http://www.w3.org/TR/xhtml11/DTD/xhtml11.dtd">
<html xmlns="http://www.w3.org/1999/xhtml">
<head>
<meta http-equiv="content-type" content="text/html; charset=UTF-8"/>
<title>TestNG Report</title>
<style type="text/css">table {margin-bottom:10px;border-collapse:collapse;empty-cells:show}th,td {border:1px solid #009;padding:.25em .5em}th {vertical-align:bottom}td {vertical-align:top}table a {font-weight:bold}.stripe td {background-color: #E6EBF9}.num {text-align:right}.passedodd td {background-color: #3F3}.passedeven td {background-color: #0A0}.skippedodd td {background-color: #DDD}.skippedeven td {background-color: #CCC}.failedodd td,.attn {background-color: #F33}.failedeven td,.stripe .attn {background-color: #D00}.stacktrace {white-space:pre;font-family:monospace}.totop {font-size:85%;text-align:center;border-bottom:2px solid #000}.invisible {display:none}</style>
</head>
<body>
<table>
<tr><th>Test</th><th># Passed</th><th># Skipped</th><th># Retried</th><th># Failed</th><th>Time (ms)</th><th>Included Groups</th><th>Excluded Groups</th></tr>
<tr><th colspan="7">Stock Management</th></tr>
<tr><td><a href="#t0">Add New Stock Test</a></td><td class="num">5</td><td class="num">0</td><td class="num">0</td><td class="num">0</td><td class="num">40,640</td><td></td><td></td></tr>
<tr><th colspan="7">PortFolio Management</th></tr>
<tr class="stripe"><td><a href="#t1">Create Portfolio Test</a></td><td class="num">0</td><td class="num">0</td><td class="num">0</td><td class="num attn">1</td><td class="num">55,212</td><td></td><td></td></tr>
<tr><td><a href="#t2">Delete Portfolio Test</a></td><td class="num">0</td><td class="num">0</td><td class="num">0</td><td class="num attn">1</td><td class="num">71,525</td><td></td><td></td></tr>
<tr><th>Total</th><th class="num">5</th><th class="num">0</th><th class="num">0</th><th class="num attn">2</th><th class="num">167,377</th><th colspan="2"></th></tr>
</table>
<table id='summary'><thead><tr><th>Class</th><th>Method</th><th>Start</th><th>Time (ms)</th></tr></thead><tbody><tr><th colspan="4">Stock Management</th></tr></tbody><tbody id="t0"><tr><th colspan="4">Add New Stock Test &#8212; passed</th></tr><tr class="passedeven"><td rowspan="1">testcases.rediff.PortfolioManagement</td><td><a href="#m0">selectPortFolio</a></td><td rowspan="1">1613441202831</td><td rowspan="1">1850</td></tr><tr class="passedodd"><td rowspan="4">testcases.rediff.StockManagement</td><td><a href="#m1">addNewStock</a></td><td rowspan="1">1613441204682</td><td rowspan="1">12690</td></tr><tr class="passedodd"><td><a href="#m2">verifyStockPresent</a></td><td rowspan="1">1613441217375</td><td rowspan="1">305</td></tr><tr class="passedodd"><td><a href="#m3">verifyStockQuantity</a></td><td rowspan="1">1613441217682</td><td rowspan="1">391</td></tr><tr class="passedodd"><td><a href="#m4">verifyTransactionHistory</a></td><td rowspan="1">1613441218075</td><td rowspan="1">887</td></tr></tbody>
<tbody><tr><th colspan="4">PortFolio Management</th></tr></tbody><tbody id="t1"><tr><th colspan="4">Create Portfolio Test &#8212; failed</th></tr><tr class="failedeven"><td rowspan="1">testcases.rediff.PortfolioManagement</td><td><a href="#m5">createPortfolio</a></td><td rowspan="1">1613441156486</td><td rowspan="1">2605</td></tr></tbody>
<tbody id="t2"><tr><th colspan="4">Delete Portfolio Test &#8212; failed</th></tr><tr class="failedeven"><td rowspan="1">testcases.rediff.PortfolioManagement</td><td><a href="#m6">deletePortfolio</a></td><td rowspan="1">1613441156871</td><td rowspan="1">20509</td></tr></tbody>
</table>
<h2>Add New Stock Test</h2><h3 id="m0">testcases.rediff.PortfolioManagement#selectPortFolio</h3><table class="result"><tr><th class="invisible"/></tr></table><p class="totop"><a href="#summary">back to summary</a></p>
<h3 id="m1">testcases.rediff.StockManagement#addNewStock</h3><table class="result"><tr class="param"><th>Parameter #1</th></tr><tr class="param stripe"><td>org.testng.TestRunner@197c8d21</td></tr></table><p class="totop"><a href="#summary">back to summary</a></p>
<h3 id="m2">testcases.rediff.StockManagement#verifyStockPresent</h3><table class="result"><tr><th class="invisible"/></tr></table><p class="totop"><a href="#summary">back to summary</a></p>
<h3 id="m3">testcases.rediff.StockManagement#verifyStockQuantity</h3><table class="result"><tr class="param"><th>Parameter #1</th><th>Parameter #2</th></tr><tr class="param stripe"><td>addstock</td><td>org.testng.TestRunner@197c8d21</td></tr></table><p class="totop"><a href="#summary">back to summary</a></p>
<h3 id="m4">testcases.rediff.StockManagement#verifyTransactionHistory</h3><table class="result"><tr class="param"><th>Parameter #1</th></tr><tr class="param stripe"><td>addstock</td></tr></table><p class="totop"><a href="#summary">back to summary</a></p>
<h2>Create Portfolio Test</h2><h3 id="m5">testcases.rediff.PortfolioManagement#createPortfolio</h3><table class="result"><tr><th>Exception</th></tr><tr><td><div class="stacktrace">java.lang.AssertionError: The following asserts failed:
	OptionPortfolioAshish100 not present in Drop Down portfolioid_dropdown_id
	at keywords.GenericKeywords.assertAll(GenericKeywords.java:199)
	at keywords.GenericKeywords.reportFailure(GenericKeywords.java:194)
	at keywords.ValidationKeywords.validateSelectedValueInDropDown(ValidationKeywords.java:29)
	at testcases.rediff.PortfolioManagement.createPortfolio(PortfolioManagement.java:20)
	at java.util.ArrayList.forEach(ArrayList.java:1234)
	at java.util.concurrent.FutureTask.run(FutureTask.java:266)
	at java.util.concurrent.ThreadPoolExecutor.runWorker(ThreadPoolExecutor.java:1142)
	at java.util.concurrent.ThreadPoolExecutor$Worker.run(ThreadPoolExecutor.java:617)
	at java.lang.Thread.run(Thread.java:745)
... Removed 22 stack frames</div></td></tr></table><p class="totop"><a href="#summary">back to summary</a></p>
<h2>Delete Portfolio Test</h2><h3 id="m6">testcases.rediff.PortfolioManagement#deletePortfolio</h3><table class="result"><tr><th>Exception</th></tr><tr><td><div class="stacktrace">org.openqa.selenium.NoSuchElementException: Cannot locate option with text: Portfolio1202611
For documentation on this error, please visit: https://selenium.dev/exceptions/#no_such_element
Build info: version: &apos;4.0.0-alpha-7&apos;, revision: &apos;de8579b6d5&apos;
System info: host: &apos;DESKTOP-RTOOT5Q&apos;, ip: &apos;192.168.1.10&apos;, os.name: &apos;Windows 8.1&apos;, os.arch: &apos;amd64&apos;, os.version: &apos;6.3&apos;, java.version: &apos;1.8.0_05&apos;
Driver info: driver.version: unknown
	at org.openqa.selenium.support.ui.Select.selectByVisibleText(Select.java:151)
	at keywords.GenericKeywords.selectByVisibleText(GenericKeywords.java:111)
	at testcases.rediff.PortfolioManagement.deletePortfolio(PortfolioManagement.java:30)
	at java.util.ArrayList.forEach(ArrayList.java:1234)
	at java.util.concurrent.FutureTask.run(FutureTask.java:266)
	at java.util.concurrent.ThreadPoolExecutor.runWorker(ThreadPoolExecutor.java:1142)
	at java.util.concurrent.ThreadPoolExecutor$Worker.run(ThreadPoolExecutor.java:617)
	at java.lang.Thread.run(Thread.java:745)
... Removed 20 stack frames</div></td></tr></table><p class="totop"><a href="#summary">back to summary</a></p>
</body>
</html>
