-------------------------------------------------------------------------------
Test set: TestSuite
-------------------------------------------------------------------------------
Tests run: 18, Failures: 5, Errors: 0, Skipped: 2, Time elapsed: 254.128 sec <<< FAILURE!
createPortfolio(testcases.rediff.PortfolioManagement)  Time elapsed: 1.535 sec  <<< FAILURE!
java.lang.AssertionError: The following asserts failed:
	OptionPortfolio1202611 not present in Drop Down portfolioid_dropdown_id
	at org.testng.asserts.SoftAssert.assertAll(SoftAssert.java:47)
	at org.testng.asserts.SoftAssert.assertAll(SoftAssert.java:31)
	at keywords.GenericKeywords.assertAll(GenericKeywords.java:174)
	at keywords.GenericKeywords.reportFailure(GenericKeywords.java:169)
	at keywords.ValidationKeywords.validateSelectedValueInDropDown(ValidationKeywords.java:29)
	at testcases.rediff.PortfolioManagement.createPortfolio(PortfolioManagement.java:20)

deletePortfolio(testcases.rediff.PortfolioManagement)  Time elapsed: 20.148 sec  <<< FAILURE!
org.openqa.selenium.NoSuchElementException: Cannot locate option with text: Portfolio12027
For documentation on this error, please visit: https://selenium.dev/exceptions/#no_such_element
Build info: version: '4.0.0-alpha-7', revision: 'de8579b6d5'
System info: host: 'DESKTOP-RTOOT5Q', ip: '192.168.1.7', os.name: 'Windows 8.1', os.arch: 'amd64', os.version: '6.3', java.version: '1.8.0_05'
Driver info: driver.version: unknown
	at org.openqa.selenium.support.ui.Select.selectByVisibleText(Select.java:151)
	at keywords.GenericKeywords.selectByVisibleText(GenericKeywords.java:86)
	at testcases.rediff.PortfolioManagement.deletePortfolio(PortfolioManagement.java:30)

verifyTransactionHistory(testcases.rediff.StockManagement)  Time elapsed: 20.639 sec  <<< FAILURE!
org.openqa.selenium.ElementNotInteractableException: element not interactable
  (Session info: chrome=88.0.4324.150)
Build info: version: '4.0.0-alpha-7', revision: 'de8579b6d5'
System info: host: 'DESKTOP-RTOOT5Q', ip: '192.168.1.7', os.name: 'Windows 8.1', os.arch: 'amd64', os.version: '6.3', java.version: '1.8.0_05'
Driver info: org.openqa.selenium.chrome.ChromeDriver
Capabilities {acceptInsecureCerts: false, browserName: chrome, browserVersion: 88.0.4324.150, chrome: {chromedriverVersion: 87.0.4280.88 (89e2380a3e36c..., userDataDir: C:\Users\info\AppData\Local...}, goog:chromeOptions: {debuggerAddress: localhost:55067}, javascriptEnabled: true, networkConnectionEnabled: false, pageLoadStrategy: normal, platform: WINDOWS, platformName: WINDOWS, proxy: Proxy(), setWindowRect: true, strictFileInteractability: false, timeouts: {implicit: 0, pageLoad: 300000, script: 30000}, unhandledPromptBehavior: dismiss and notify, webauthn:virtualAuthenticators: true}
Session ID: c3bcb99cb9fb4fe39affae1e19bfb46d
	at sun.reflect.NativeConstructorAccessorImpl.newInstance0(Native Method)
	at sun.reflect.NativeConstructorAccessorImpl.newInstance(NativeConstructorAccessorImpl.java:62)
	at sun.reflect.DelegatingConstructorAccessorImpl.newInstance(DelegatingConstructorAccessorImpl.java:45)
	at java.lang.reflect.Constructor.newInstance(Constructor.java:408)
	at org.openqa.selenium.remote.codec.w3c.W3CHttpResponseCodec.createException(W3CHttpResponseCodec.java:196)
	at org.openqa.selenium.remote.codec.w3c.W3CHttpResponseCodec.decode(W3CHttpResponseCodec.java:129)
	at org.openqa.selenium.remote.codec.w3c.W3CHttpResponseCodec.decode(W3CHttpResponseCodec.java:53)
	at org.openqa.selenium.remote.HttpCommandExecutor.execute(HttpCommandExecutor.java:167)
	at org.openqa.selenium.remote.service.DriverCommandExecutor.execute(DriverCommandExecutor.java:123)
	at org.openqa.selenium.remote.RemoteWebDriver.execute(RemoteWebDriver.java:501)
	at org.openqa.selenium.remote.RemoteWebElement.execute(RemoteWebElement.java:238)
	at org.openqa.selenium.remote.RemoteWebElement.click(RemoteWebElement.java:79)
	at keywords.ApplicationKeywords.goToTransactionHistory(ApplicationKeywords.java:108)
	at testcases.rediff.StockManagement.verifyTransactionHistory(StockManagement.java:129)

modifyStock(testcases.rediff.StockManagement)  Time elapsed: 22.105 sec  <<< FAILURE!
org.openqa.selenium.ElementNotInteractableException: element not interactable
  (Session info: chrome=88.0.4324.150)
Build info: version: '4.0.0-alpha-7', revision: 'de8579b6d5'
System info: host: 'DESKTOP-RTOOT5Q', ip: '192.168.1.7', os.name: 'Windows 8.1', os.arch: 'amd64', os.version: '6.3', java.version: '1.8.0_05'
Driver info: org.openqa.selenium.chrome.ChromeDriver
Capabilities {acceptInsecureCerts: false, browserName: chrome, browserVersion: 88.0.4324.150, chrome: {chromedriverVersion: 87.0.4280.88 (89e2380a3e36c..., userDataDir: C:\Users\info\AppData\Local...}, goog:chromeOptions: {debuggerAddress: localhost:55343}, javascriptEnabled: true, networkConnectionEnabled: false, pageLoadStrategy: normal, platform: WINDOWS, platformName: WINDOWS, proxy: Proxy(), setWindowRect: true, strictFileInteractability: false, timeouts: {implicit: 0, pageLoad: 300000, script: 30000}, unhandledPromptBehavior: dismiss and notify, webauthn:virtualAuthenticators: true}
Session ID: 8dac972251c8f5c5ac38b9faee0e486c
	at sun.reflect.NativeConstructorAccessorImpl.newInstance0(Native Method)
	at sun.reflect.NativeConstructorAccessorImpl.newInstance(NativeConstructorAccessorImpl.java:62)
	at sun.reflect.DelegatingConstructorAccessorImpl.newInstance(DelegatingConstructorAccessorImpl.java:45)
	at java.lang.reflect.Constructor.newInstance(Constructor.java:408)
	at org.openqa.selenium.remote.codec.w3c.W3CHttpResponseCodec.createException(W3CHttpResponseCodec.java:196)
	at org.openqa.selenium.remote.codec.w3c.W3CHttpResponseCodec.decode(W3CHttpResponseCodec.java:129)
	at org.openqa.selenium.remote.codec.w3c.W3CHttpResponseCodec.decode(W3CHttpResponseCodec.java:53)
	at org.openqa.selenium.remote.HttpCommandExecutor.execute(HttpCommandExecutor.java:167)
	at org.openqa.selenium.remote.service.DriverCommandExecutor.execute(DriverCommandExecutor.java:123)
	at org.openqa.selenium.remote.RemoteWebDriver.execute(RemoteWebDriver.java:501)
	at org.openqa.selenium.remote.RemoteWebElement.execute(RemoteWebElement.java:238)
	at org.openqa.selenium.remote.RemoteWebElement.click(RemoteWebElement.java:79)
	at keywords.ApplicationKeywords.goToBuySell(ApplicationKeywords.java:96)
	at testcases.rediff.StockManagement.modifyStock(StockManagement.java:53)

verifyStockQuantity(testcases.rediff.StockManagement)  Time elapsed: 1.601 sec  <<< FAILURE!
java.lang.AssertionError: The following asserts failed:
	Quantity did not match
	at org.testng.asserts.SoftAssert.assertAll(SoftAssert.java:47)
	at org.testng.asserts.SoftAssert.assertAll(SoftAssert.java:31)
	at keywords.GenericKeywords.assertAll(GenericKeywords.java:174)
	at keywords.GenericKeywords.reportFailure(GenericKeywords.java:169)
	at testcases.rediff.StockManagement.verifyStockQuantity(StockManagement.java:109)

