<?xml version="1.0" encoding="UTF-8"?>
<testng-results skipped="0" failed="2" ignored="10" total="17" passed="5">
  <reporter-output>
  </reporter-output>
  <suite name="Stock Management" duration-ms="40640" started-at="2021-02-16T07:36:19 IST" finished-at="2021-02-16T07:37:00 IST">
    <groups>
    </groups>
    <test name="Add New Stock Test" duration-ms="40640" started-at="2021-02-16T07:36:19 IST" finished-at="2021-02-16T07:37:00 IST">
      <class name="testcases.rediff.PortfolioManagement">
        <test-method status="PASS" signature="beforeTest(org.testng.ITestContext)[pri:0, instance:testcases.rediff.PortfolioManagement@887af79]" name="beforeTest" is-config="true" duration-ms="22916" started-at="2021-02-16T07:36:19 IST" finished-at="2021-02-16T07:36:42 IST">
          <params>
            <param index="0">
              <value>
                <![CDATA[org.testng.TestRunner@197c8d21]]>
              </value>
            </param>
          </params>
          <reporter-output>
          </reporter-output>
        </test-method> <!-- beforeTest -->
        <test-method status="PASS" signature="beforeMethod(org.testng.ITestContext)[pri:0, instance:testcases.rediff.PortfolioManagement@887af79]" name="beforeMethod" is-config="true" duration-ms="15" started-at="2021-02-16T07:36:42 IST" finished-at="2021-02-16T07:36:42 IST">
          <params>
            <param index="0">
              <value>
                <![CDATA[org.testng.TestRunner@197c8d21]]>
              </value>
            </param>
          </params>
          <reporter-output>
          </reporter-output>
        </test-method> <!-- beforeMethod -->
        <test-method status="PASS" signature="selectPortFolio()[pri:0, instance:testcases.rediff.PortfolioManagement@887af79]" name="selectPortFolio" duration-ms="1850" started-at="2021-02-16T07:36:42 IST" finished-at="2021-02-16T07:36:44 IST">
          <reporter-output>
          </reporter-output>
        </test-method> <!-- selectPortFolio -->
        <test-method status="PASS" signature="quit(org.testng.ITestContext)[pri:0, instance:testcases.rediff.PortfolioManagement@887af79]" name="quit" is-config="true" duration-ms="1576" started-at="2021-02-16T07:36:58 IST" finished-at="2021-02-16T07:37:00 IST">
          <params>
            <param index="0">
              <value>
                <![CDATA[org.testng.TestRunner@197c8d21]]>
              </value>
            </param>
          </params>
          <reporter-output>
          </reporter-output>
        </test-method> <!-- quit -->
      </class> <!-- testcases.rediff.PortfolioManagement -->
      <class name="testcases.rediff.StockManagement">
        <test-method status="PASS" signature="beforeMethod(org.testng.ITestContext)[pri:0, instance:testcases.rediff.StockManagement@7fac631b]" name="beforeMethod" is-config="true" duration-ms="0" started-at="2021-02-16T07:36:44 IST" finished-at="2021-02-16T07:36:44 IST">
          <params>
            <param index="0">
              <value>
                <![CDATA[org.testng.TestRunner@197c8d21]]>
              </value>
            </param>
          </params>
          <reporter-output>
          </reporter-output>
        </test-method> <!-- beforeMethod -->
        <test-method status="PASS" signature="addNewStock(org.testng.ITestContext)[pri:0, instance:testcases.rediff.StockManagement@7fac631b]" name="addNewStock" duration-ms="12690" started-at="2021-02-16T07:36:44 IST" finished-at="2021-02-16T07:36:57 IST">
          <params>
            <param index="0">
              <value>
                <![CDATA[org.testng.TestRunner@197c8d21]]>
              </value>
            </param>
          </params>
          <reporter-output>
          </reporter-output>
        </test-method> <!-- addNewStock -->
        <test-method status="PASS" signature="beforeMethod(org.testng.ITestContext)[pri:0, instance:testcases.rediff.StockManagement@7fac631b]" name="beforeMethod" is-config="true" duration-ms="1" started-at="2021-02-16T07:36:57 IST" finished-at="2021-02-16T07:36:57 IST">
          <params>
            <param index="0">
              <value>
                <![CDATA[org.testng.TestRunner@197c8d21]]>
              </value>
            </param>
          </params>
          <reporter-output>
          </reporter-output>
        </test-method> <!-- beforeMethod -->
        <test-method status="PASS" signature="verifyStockPresent()[pri:0, instance:testcases.rediff.StockManagement@7fac631b]" name="verifyStockPresent" duration-ms="305" started-at="2021-02-16T07:36:57 IST" finished-at="2021-02-16T07:36:57 IST">
          <reporter-output>
          </reporter-output>
        </test-method> <!-- verifyStockPresent -->
        <test-method status="PASS" signature="beforeMethod(org.testng.ITestContext)[pri:0, instance:testcases.rediff.StockManagement@7fac631b]" name="beforeMethod" is-config="true" duration-ms="1" started-at="2021-02-16T07:36:57 IST" finished-at="2021-02-16T07:36:57 IST">
          <params>
            <param index="0">
              <value>
                <![CDATA[org.testng.TestRunner@197c8d21]]>
              </value>
            </param>
          </params>
          <reporter-output>
          </reporter-output>
        </test-method> <!-- beforeMethod -->
        <test-method status="PASS" signature="verifyStockQuantity(java.lang.String, org.testng.ITestContext)[pri:0, instance:testcases.rediff.StockManagement@7fac631b]" name="verifyStockQuantity" duration-ms="391" started-at="2021-02-16T07:36:57 IST" finished-at="2021-02-16T07:36:58 IST">
          <params>
            <param index="0">
              <value>
                <![CDATA[addstock]]>
              </value>
            </param>
            <param index="1">
              <value>
                <![CDATA[org.testng.TestRunner@197c8d21]]>
              </value>
            </param>
          </params>
          <reporter-output>
          </reporter-output>
        </test-method> <!-- verifyStockQuantity -->
        <test-method status="PASS" signature="beforeMethod(org.testng.ITestContext)[pri:0, instance:testcases.rediff.StockManagement@7fac631b]" name="beforeMethod" is-config="true" duration-ms="1" started-at="2021-02-16T07:36:58 IST" finished-at="2021-02-16T07:36:58 IST">
          <params>
            <param index="0">
              <value>
                <![CDATA[org.testng.TestRunner@197c8d21]]>
              </value>
            </param>
          </params>
          <reporter-output>
          </reporter-output>
        </test-method> <!-- beforeMethod -->
        <test-method status="PASS" signature="verifyTransactionHistory(java.lang.String)[pri:0, instance:testcases.rediff.StockManagement@7fac631b]" name="verifyTransactionHistory" duration-ms="887" started-at="2021-02-16T07:36:58 IST" finished-at="2021-02-16T07:36:58 IST">
          <params>
            <param index="0">
              <value>
                <![CDATA[addstock]]>
              </value>
            </param>
          </params>
          <reporter-output>
          </reporter-output>
        </test-method> <!-- verifyTransactionHistory -->
      </class> <!-- testcases.rediff.StockManagement -->
    </test> <!-- Add New Stock Test -->
  </suite> <!-- Stock Management -->
  <suite name="PortFolio Management" duration-ms="71525" started-at="2021-02-16T07:35:08 IST" finished-at="2021-02-16T07:36:19 IST">
    <groups>
    </groups>
    <test name="Create Portfolio Test" duration-ms="55212" started-at="2021-02-16T07:35:08 IST" finished-at="2021-02-16T07:36:03 IST">
      <class name="testcases.rediff.PortfolioManagement">
        <test-method status="PASS" signature="beforeTest(org.testng.ITestContext)[pri:0, instance:testcases.rediff.PortfolioManagement@55d56113]" name="beforeTest" is-config="true" duration-ms="48159" started-at="2021-02-16T07:35:08 IST" finished-at="2021-02-16T07:35:56 IST">
          <params>
            <param index="0">
              <value>
                <![CDATA[org.testng.TestRunner@7f13d6e]]>
              </value>
            </param>
          </params>
          <reporter-output>
          </reporter-output>
        </test-method> <!-- beforeTest -->
        <test-method status="PASS" signature="beforeMethod(org.testng.ITestContext)[pri:0, instance:testcases.rediff.PortfolioManagement@55d56113]" name="beforeMethod" is-config="true" duration-ms="0" started-at="2021-02-16T07:35:56 IST" finished-at="2021-02-16T07:35:56 IST">
          <params>
            <param index="0">
              <value>
                <![CDATA[org.testng.TestRunner@7f13d6e]]>
              </value>
            </param>
          </params>
          <reporter-output>
          </reporter-output>
        </test-method> <!-- beforeMethod -->
        <test-method status="FAIL" signature="createPortfolio()[pri:0, instance:testcases.rediff.PortfolioManagement@55d56113]" name="createPortfolio" duration-ms="2605" started-at="2021-02-16T07:35:56 IST" finished-at="2021-02-16T07:35:59 IST">
          <exception class="java.lang.AssertionError">
            <message>
              <![CDATA[The following asserts failed:
OptionPortfolioAshish100 not present in Drop Down portfolioid_dropdown_id]]>
            </message>
            <full-stacktrace>
              <![CDATA[java.lang.AssertionError: The following asserts failed:
OptionPortfolioAshish100 not present in Drop Down portfolioid_dropdown_id
at org.testng.asserts.SoftAssert.assertAll(SoftAssert.java:47)
at org.testng.asserts.SoftAssert.assertAll(SoftAssert.java:31)
at keywords.GenericKeywords.assertAll(GenericKeywords.java:199)
at keywords.GenericKeywords.reportFailure(GenericKeywords.java:194)
at keywords.ValidationKeywords.validateSelectedValueInDropDown(ValidationKeywords.java:29)
at testcases.rediff.PortfolioManagement.createPortfolio(PortfolioManagement.java:20)
at sun.reflect.NativeMethodAccessorImpl.invoke0(Native Method)
at sun.reflect.NativeMethodAccessorImpl.invoke(NativeMethodAccessorImpl.java:62)
at sun.reflect.DelegatingMethodAccessorImpl.invoke(DelegatingMethodAccessorImpl.java:43)
at java.lang.reflect.Method.invoke(Method.java:483)
at org.testng.internal.MethodInvocationHelper.invokeMethod(MethodInvocationHelper.java:133)
at org.testng.internal.TestInvoker.invokeMethod(TestInvoker.java:584)
at org.testng.internal.TestInvoker.invokeTestMethod(TestInvoker.java:172)
at org.testng.internal.MethodRunner.runInSequence(MethodRunner.java:46)
at org.testng.internal.TestInvoker$MethodInvocationAgent.invoke(TestInvoker.java:804)
at org.testng.internal.TestInvoker.invokeTestMethods(TestInvoker.java:145)
at org.testng.internal.TestMethodWorker.invokeTestMethods(TestMethodWorker.java:146)
at org.testng.internal.TestMethodWorker.run(TestMethodWorker.java:128)
at org.testng.TestRunner$$Lambda$458/1474676525.accept(Unknown Source)
at java.util.ArrayList.forEach(ArrayList.java:1234)
at org.testng.TestRunner.privateRun(TestRunner.java:770)
at org.testng.TestRunner.run(TestRunner.java:591)
at org.testng.SuiteRunner.runTest(SuiteRunner.java:402)
at org.testng.SuiteRunner.access$000(SuiteRunner.java:41)
at org.testng.SuiteRunner$SuiteWorker.run(SuiteRunner.java:443)
at org.testng.internal.thread.ThreadUtil.lambda$execute$0(ThreadUtil.java:67)
at org.testng.internal.thread.ThreadUtil$$Lambda$37/1924582348.call(Unknown Source)
at java.util.concurrent.FutureTask.run(FutureTask.java:266)
at java.util.concurrent.ThreadPoolExecutor.runWorker(ThreadPoolExecutor.java:1142)
at java.util.concurrent.ThreadPoolExecutor$Worker.run(ThreadPoolExecutor.java:617)
at java.lang.Thread.run(Thread.java:745)
]]>
            </full-stacktrace>
          </exception> <!-- java.lang.AssertionError -->
          <reporter-output>
          </reporter-output>
        </test-method> <!-- createPortfolio -->
        <test-method status="PASS" signature="quit(org.testng.ITestContext)[pri:0, instance:testcases.rediff.PortfolioManagement@55d56113]" name="quit" is-config="true" duration-ms="4284" started-at="2021-02-16T07:35:59 IST" finished-at="2021-02-16T07:36:03 IST">
          <params>
            <param index="0">
              <value>
                <![CDATA[org.testng.TestRunner@7f13d6e]]>
              </value>
            </param>
          </params>
          <reporter-output>
          </reporter-output>
        </test-method> <!-- quit -->
      </class> <!-- testcases.rediff.PortfolioManagement -->
    </test> <!-- Create Portfolio Test -->
    <test name="Delete Portfolio Test" duration-ms="71525" started-at="2021-02-16T07:35:08 IST" finished-at="2021-02-16T07:36:19 IST">
      <class name="testcases.rediff.PortfolioManagement">
        <test-method status="PASS" signature="beforeTest(org.testng.ITestContext)[pri:0, instance:testcases.rediff.PortfolioManagement@eec5a4a]" name="beforeTest" is-config="true" duration-ms="48631" started-at="2021-02-16T07:35:08 IST" finished-at="2021-02-16T07:35:56 IST">
          <params>
            <param index="0">
              <value>
                <![CDATA[org.testng.TestRunner@23faf8f2]]>
              </value>
            </param>
          </params>
          <reporter-output>
          </reporter-output>
        </test-method> <!-- beforeTest -->
        <test-method status="PASS" signature="beforeMethod(org.testng.ITestContext)[pri:0, instance:testcases.rediff.PortfolioManagement@eec5a4a]" name="beforeMethod" is-config="true" duration-ms="0" started-at="2021-02-16T07:35:56 IST" finished-at="2021-02-16T07:35:56 IST">
          <params>
            <param index="0">
              <value>
                <![CDATA[org.testng.TestRunner@23faf8f2]]>
              </value>
            </param>
          </params>
          <reporter-output>
          </reporter-output>
        </test-method> <!-- beforeMethod -->
        <test-method status="FAIL" signature="deletePortfolio()[pri:0, instance:testcases.rediff.PortfolioManagement@eec5a4a]" name="deletePortfolio" duration-ms="20509" started-at="2021-02-16T07:35:56 IST" finished-at="2021-02-16T07:36:17 IST">
          <exception class="org.openqa.selenium.NoSuchElementException">
            <message>
              <![CDATA[Cannot locate option with text: Portfolio1202611
For documentation on this error, please visit: https://selenium.dev/exceptions/#no_such_element
Build info: version: '4.0.0-alpha-7', revision: 'de8579b6d5'
System info: host: 'DESKTOP-RTOOT5Q', ip: '192.168.1.10', os.name: 'Windows 8.1', os.arch: 'amd64', os.version: '6.3', java.version: '1.8.0_05'
Driver info: driver.version: unknown]]>
            </message>
            <full-stacktrace>
              <![CDATA[org.openqa.selenium.NoSuchElementException: Cannot locate option with text: Portfolio1202611
For documentation on this error, please visit: https://selenium.dev/exceptions/#no_such_element
Build info: version: '4.0.0-alpha-7', revision: 'de8579b6d5'
System info: host: 'DESKTOP-RTOOT5Q', ip: '192.168.1.10', os.name: 'Windows 8.1', os.arch: 'amd64', os.version: '6.3', java.version: '1.8.0_05'
Driver info: driver.version: unknown
at org.openqa.selenium.support.ui.Select.selectByVisibleText(Select.java:151)
at keywords.GenericKeywords.selectByVisibleText(GenericKeywords.java:111)
at testcases.rediff.PortfolioManagement.deletePortfolio(PortfolioManagement.java:30)
at sun.reflect.NativeMethodAccessorImpl.invoke0(Native Method)
at sun.reflect.NativeMethodAccessorImpl.invoke(NativeMethodAccessorImpl.java:62)
at sun.reflect.DelegatingMethodAccessorImpl.invoke(DelegatingMethodAccessorImpl.java:43)
at java.lang.reflect.Method.invoke(Method.java:483)
at org.testng.internal.MethodInvocationHelper.invokeMethod(MethodInvocationHelper.java:133)
at org.testng.internal.TestInvoker.invokeMethod(TestInvoker.java:584)
at org.testng.internal.TestInvoker.invokeTestMethod(TestInvoker.java:172)
at org.testng.internal.MethodRunner.runInSequence(MethodRunner.java:46)
at org.testng.internal.TestInvoker$MethodInvocationAgent.invoke(TestInvoker.java:804)
at org.testng.internal.TestInvoker.invokeTestMethods(TestInvoker.java:145)
at org.testng.internal.TestMethodWorker.invokeTestMethods(TestMethodWorker.java:146)
at org.testng.internal.TestMethodWorker.run(TestMethodWorker.java:128)
at org.testng.TestRunner$$Lambda$458/1474676525.accept(Unknown Source)
at java.util.ArrayList.forEach(ArrayList.java:1234)
at org.testng.TestRunner.privateRun(TestRunner.java:770)
at org.testng.TestRunner.run(TestRunner.java:591)
at org.testng.SuiteRunner.runTest(SuiteRunner.java:402)
at org.testng.SuiteRunner.access$000(SuiteRunner.java:41)
at org.testng.SuiteRunner$SuiteWorker.run(SuiteRunner.java:443)
at org.testng.internal.thread.ThreadUtil.lambda$execute$0(ThreadUtil.java:67)
at org.testng.internal.thread.ThreadUtil$$Lambda$37/1924582348.call(Unknown Source)
at java.util.concurrent.FutureTask.run(FutureTask.java:266)
at java.util.concurrent.ThreadPoolExecutor.runWorker(ThreadPoolExecutor.java:1142)
at java.util.concurrent.ThreadPoolExecutor$Worker.run(ThreadPoolExecutor.java:617)
at java.lang.Thread.run(Thread.java:745)
]]>
            </full-stacktrace>
          </exception> <!-- org.openqa.selenium.NoSuchElementException -->
          <reporter-output>
          </reporter-output>
        </test-method> <!-- deletePortfolio -->
        <test-method status="PASS" signature="quit(org.testng.ITestContext)[pri:0, instance:testcases.rediff.PortfolioManagement@eec5a4a]" name="quit" is-config="true" duration-ms="2319" started-at="2021-02-16T07:36:17 IST" finished-at="2021-02-16T07:36:19 IST">
          <params>
            <param index="0">
              <value>
                <![CDATA[org.testng.TestRunner@23faf8f2]]>
              </value>
            </param>
          </params>
          <reporter-output>
          </reporter-output>
        </test-method> <!-- quit -->
      </class> <!-- testcases.rediff.PortfolioManagement -->
    </test> <!-- Delete Portfolio Test -->
  </suite> <!-- PortFolio Management -->
</testng-results>
